TN:verilator_coverage
SF:/home/sfangyy/work/UCAgent/output/workspace_e203_ifu_litebpu/e203_ifu_litebpu/e203_ifu_litebpu.v
DA:1123,66
BRDA:1123,0,0,6
BRDA:1123,0,1,3
BRDA:1123,0,2,8
BRDA:1123,0,3,3
BRDA:1123,0,4,59
BRDA:1123,0,5,55
BRDA:1123,0,6,66
BRDA:1123,0,7,23
BRDA:1123,0,8,9
BRDA:1123,0,9,2
BRDA:1123,0,10,58
BRDA:1123,0,11,53
BRDA:1123,0,12,59
BRDA:1123,0,13,55
BRDA:1123,0,14,59
BRDA:1123,0,15,57
BRDA:1123,0,16,59
BRDA:1123,0,17,58
BRDA:1123,0,18,9
BRDA:1123,0,19,4
BRDA:1123,0,20,59
BRDA:1123,0,21,55
BRDA:1123,0,22,7
BRDA:1123,0,23,4
BRDA:1123,0,24,59
BRDA:1123,0,25,54
BRDA:1123,0,26,9
BRDA:1123,0,27,3
BRDA:1123,0,28,8
BRDA:1123,0,29,3
BRDA:1123,0,30,60
BRDA:1123,0,31,57
BRDA:1123,0,32,59
BRDA:1123,0,33,56
BRDA:1123,0,34,59
BRDA:1123,0,35,54
BRDA:1123,0,36,9
BRDA:1123,0,37,3
BRDA:1123,0,38,61
BRDA:1123,0,39,57
BRDA:1123,0,40,10
BRDA:1123,0,41,3
BRDA:1123,0,42,60
BRDA:1123,0,43,55
BRDA:1123,0,44,60
BRDA:1123,0,45,57
BRDA:1123,0,46,6
BRDA:1123,0,47,3
BRDA:1123,0,48,5
BRDA:1123,0,49,3
BRDA:1123,0,50,59
BRDA:1123,0,51,54
BRDA:1123,0,52,59
BRDA:1123,0,53,55
BRDA:1123,0,54,58
BRDA:1123,0,55,52
BRDA:1123,0,56,61
BRDA:1123,0,57,54
BRDA:1123,0,58,6
BRDA:1123,0,59,3
BRDA:1123,0,60,7
BRDA:1123,0,61,4
BRDA:1123,0,62,8
BRDA:1123,0,63,3
DA:1126,59
BRDA:1126,0,0,59
BRDA:1126,0,1,47
DA:1127,35
BRDA:1127,0,0,35
BRDA:1127,0,1,9
DA:1128,57
BRDA:1128,0,0,57
BRDA:1128,0,1,46
DA:1129,64
BRDA:1129,0,0,61
BRDA:1129,0,1,59
BRDA:1129,0,2,11
BRDA:1129,0,3,7
BRDA:1129,0,4,59
BRDA:1129,0,5,54
BRDA:1129,0,6,61
BRDA:1129,0,7,56
BRDA:1129,0,8,60
BRDA:1129,0,9,56
BRDA:1129,0,10,61
BRDA:1129,0,11,55
BRDA:1129,0,12,59
BRDA:1129,0,13,55
BRDA:1129,0,14,59
BRDA:1129,0,15,53
BRDA:1129,0,16,12
BRDA:1129,0,17,7
BRDA:1129,0,18,59
BRDA:1129,0,19,55
BRDA:1129,0,20,13
BRDA:1129,0,21,7
BRDA:1129,0,22,58
BRDA:1129,0,23,58
BRDA:1129,0,24,57
BRDA:1129,0,25,52
BRDA:1129,0,26,10
BRDA:1129,0,27,6
BRDA:1129,0,28,9
BRDA:1129,0,29,6
BRDA:1129,0,30,58
BRDA:1129,0,31,53
BRDA:1129,0,32,60
BRDA:1129,0,33,57
BRDA:1129,0,34,59
BRDA:1129,0,35,56
BRDA:1129,0,36,9
BRDA:1129,0,37,4
BRDA:1129,0,38,11
BRDA:1129,0,39,6
BRDA:1129,0,40,12
BRDA:1129,0,41,7
BRDA:1129,0,42,11
BRDA:1129,0,43,7
BRDA:1129,0,44,18
BRDA:1129,0,45,6
BRDA:1129,0,46,10
BRDA:1129,0,47,5
BRDA:1129,0,48,61
BRDA:1129,0,49,51
BRDA:1129,0,50,10
BRDA:1129,0,51,7
BRDA:1129,0,52,64
BRDA:1129,0,53,52
BRDA:1129,0,54,60
BRDA:1129,0,55,39
BRDA:1129,0,56,61
BRDA:1129,0,57,51
BRDA:1129,0,58,11
BRDA:1129,0,59,5
BRDA:1129,0,60,60
BRDA:1129,0,61,53
BRDA:1129,0,62,57
BRDA:1129,0,63,52
DA:1130,61
BRDA:1130,0,0,29
BRDA:1130,0,1,7
BRDA:1130,0,2,2
BRDA:1130,0,3,1
BRDA:1130,0,4,19
BRDA:1130,0,5,8
BRDA:1130,0,6,61
BRDA:1130,0,7,60
BRDA:1130,0,8,55
BRDA:1130,0,9,55
DA:1133,57
BRDA:1133,0,0,57
BRDA:1133,0,1,7
DA:1134,53
BRDA:1134,0,0,53
BRDA:1134,0,1,0
DA:1135,2
BRDA:1135,0,0,2
BRDA:1135,0,1,0
DA:1136,56
BRDA:1136,0,0,56
BRDA:1136,0,1,52
DA:1139,24
BRDA:1139,0,0,24
BRDA:1139,0,1,12
DA:1140,68
BRDA:1140,0,0,68
BRDA:1140,0,1,24
DA:1141,70
BRDA:1141,0,0,17
BRDA:1141,0,1,12
BRDA:1141,0,2,18
BRDA:1141,0,3,9
BRDA:1141,0,4,65
BRDA:1141,0,5,59
BRDA:1141,0,6,68
BRDA:1141,0,7,38
BRDA:1141,0,8,21
BRDA:1141,0,9,9
BRDA:1141,0,10,67
BRDA:1141,0,11,58
BRDA:1141,0,12,65
BRDA:1141,0,13,58
BRDA:1141,0,14,68
BRDA:1141,0,15,60
BRDA:1141,0,16,65
BRDA:1141,0,17,60
BRDA:1141,0,18,22
BRDA:1141,0,19,12
BRDA:1141,0,20,68
BRDA:1141,0,21,61
BRDA:1141,0,22,18
BRDA:1141,0,23,11
BRDA:1141,0,24,65
BRDA:1141,0,25,58
BRDA:1141,0,26,20
BRDA:1141,0,27,7
BRDA:1141,0,28,13
BRDA:1141,0,29,6
BRDA:1141,0,30,65
BRDA:1141,0,31,60
BRDA:1141,0,32,67
BRDA:1141,0,33,60
BRDA:1141,0,34,68
BRDA:1141,0,35,58
BRDA:1141,0,36,17
BRDA:1141,0,37,11
BRDA:1141,0,38,70
BRDA:1141,0,39,64
BRDA:1141,0,40,20
BRDA:1141,0,41,11
BRDA:1141,0,42,69
BRDA:1141,0,43,63
BRDA:1141,0,44,67
BRDA:1141,0,45,56
BRDA:1141,0,46,15
BRDA:1141,0,47,10
BRDA:1141,0,48,14
BRDA:1141,0,49,6
BRDA:1141,0,50,67
BRDA:1141,0,51,56
BRDA:1141,0,52,68
BRDA:1141,0,53,54
BRDA:1141,0,54,65
BRDA:1141,0,55,51
BRDA:1141,0,56,68
BRDA:1141,0,57,58
BRDA:1141,0,58,17
BRDA:1141,0,59,10
BRDA:1141,0,60,16
BRDA:1141,0,61,11
BRDA:1141,0,62,26
BRDA:1141,0,63,11
DA:1142,64
BRDA:1142,0,0,61
BRDA:1142,0,1,59
BRDA:1142,0,2,11
BRDA:1142,0,3,7
BRDA:1142,0,4,59
BRDA:1142,0,5,54
BRDA:1142,0,6,61
BRDA:1142,0,7,56
BRDA:1142,0,8,60
BRDA:1142,0,9,56
BRDA:1142,0,10,61
BRDA:1142,0,11,55
BRDA:1142,0,12,59
BRDA:1142,0,13,55
BRDA:1142,0,14,59
BRDA:1142,0,15,53
BRDA:1142,0,16,12
BRDA:1142,0,17,7
BRDA:1142,0,18,59
BRDA:1142,0,19,55
BRDA:1142,0,20,13
BRDA:1142,0,21,7
BRDA:1142,0,22,58
BRDA:1142,0,23,58
BRDA:1142,0,24,57
BRDA:1142,0,25,52
BRDA:1142,0,26,10
BRDA:1142,0,27,6
BRDA:1142,0,28,9
BRDA:1142,0,29,6
BRDA:1142,0,30,58
BRDA:1142,0,31,53
BRDA:1142,0,32,60
BRDA:1142,0,33,57
BRDA:1142,0,34,59
BRDA:1142,0,35,56
BRDA:1142,0,36,9
BRDA:1142,0,37,4
BRDA:1142,0,38,11
BRDA:1142,0,39,6
BRDA:1142,0,40,12
BRDA:1142,0,41,7
BRDA:1142,0,42,11
BRDA:1142,0,43,7
BRDA:1142,0,44,18
BRDA:1142,0,45,6
BRDA:1142,0,46,10
BRDA:1142,0,47,5
BRDA:1142,0,48,61
BRDA:1142,0,49,51
BRDA:1142,0,50,10
BRDA:1142,0,51,7
BRDA:1142,0,52,64
BRDA:1142,0,53,52
BRDA:1142,0,54,60
BRDA:1142,0,55,39
BRDA:1142,0,56,61
BRDA:1142,0,57,51
BRDA:1142,0,58,11
BRDA:1142,0,59,5
BRDA:1142,0,60,60
BRDA:1142,0,61,53
BRDA:1142,0,62,57
BRDA:1142,0,63,52
DA:1144,63
BRDA:1144,0,0,63
BRDA:1144,0,1,15
DA:1147,15
BRDA:1147,0,0,15
BRDA:1147,0,1,10
DA:1148,55
BRDA:1148,0,0,55
BRDA:1148,0,1,54
DA:1149,62
BRDA:1149,0,0,8
BRDA:1149,0,1,5
BRDA:1149,0,2,9
BRDA:1149,0,3,6
BRDA:1149,0,4,8
BRDA:1149,0,5,5
BRDA:1149,0,6,59
BRDA:1149,0,7,54
BRDA:1149,0,8,7
BRDA:1149,0,9,2
BRDA:1149,0,10,7
BRDA:1149,0,11,5
BRDA:1149,0,12,11
BRDA:1149,0,13,7
BRDA:1149,0,14,60
BRDA:1149,0,15,55
BRDA:1149,0,16,59
BRDA:1149,0,17,56
BRDA:1149,0,18,59
BRDA:1149,0,19,56
BRDA:1149,0,20,60
BRDA:1149,0,21,57
BRDA:1149,0,22,11
BRDA:1149,0,23,6
BRDA:1149,0,24,60
BRDA:1149,0,25,58
BRDA:1149,0,26,9
BRDA:1149,0,27,4
BRDA:1149,0,28,6
BRDA:1149,0,29,3
BRDA:1149,0,30,7
BRDA:1149,0,31,4
BRDA:1149,0,32,10
BRDA:1149,0,33,6
BRDA:1149,0,34,8
BRDA:1149,0,35,4
BRDA:1149,0,36,9
BRDA:1149,0,37,6
BRDA:1149,0,38,60
BRDA:1149,0,39,57
BRDA:1149,0,40,6
BRDA:1149,0,41,3
BRDA:1149,0,42,9
BRDA:1149,0,43,5
BRDA:1149,0,44,10
BRDA:1149,0,45,5
BRDA:1149,0,46,60
BRDA:1149,0,47,58
BRDA:1149,0,48,8
BRDA:1149,0,49,3
BRDA:1149,0,50,11
BRDA:1149,0,51,6
BRDA:1149,0,52,61
BRDA:1149,0,53,55
BRDA:1149,0,54,62
BRDA:1149,0,55,58
BRDA:1149,0,56,9
BRDA:1149,0,57,6
BRDA:1149,0,58,60
BRDA:1149,0,59,57
BRDA:1149,0,60,8
BRDA:1149,0,61,5
BRDA:1149,0,62,59
BRDA:1149,0,63,54
DA:1150,63
BRDA:1150,0,0,63
BRDA:1150,0,1,59
BRDA:1150,0,2,8
BRDA:1150,0,3,5
BRDA:1150,0,4,58
BRDA:1150,0,5,55
BRDA:1150,0,6,58
BRDA:1150,0,7,48
BRDA:1150,0,8,61
BRDA:1150,0,9,55
BRDA:1150,0,10,7
BRDA:1150,0,11,4
BRDA:1150,0,12,59
BRDA:1150,0,13,55
BRDA:1150,0,14,11
BRDA:1150,0,15,7
BRDA:1150,0,16,7
BRDA:1150,0,17,2
BRDA:1150,0,18,62
BRDA:1150,0,19,57
BRDA:1150,0,20,11
BRDA:1150,0,21,7
BRDA:1150,0,22,60
BRDA:1150,0,23,56
BRDA:1150,0,24,59
BRDA:1150,0,25,54
BRDA:1150,0,26,58
BRDA:1150,0,27,54
BRDA:1150,0,28,57
BRDA:1150,0,29,53
BRDA:1150,0,30,3
BRDA:1150,0,31,1
BRDA:1150,0,32,61
BRDA:1150,0,33,57
BRDA:1150,0,34,13
BRDA:1150,0,35,7
BRDA:1150,0,36,4
BRDA:1150,0,37,3
BRDA:1150,0,38,9
BRDA:1150,0,39,6
BRDA:1150,0,40,61
BRDA:1150,0,41,56
BRDA:1150,0,42,9
BRDA:1150,0,43,7
BRDA:1150,0,44,58
BRDA:1150,0,45,51
BRDA:1150,0,46,60
BRDA:1150,0,47,57
BRDA:1150,0,48,59
BRDA:1150,0,49,56
BRDA:1150,0,50,58
BRDA:1150,0,51,53
BRDA:1150,0,52,13
BRDA:1150,0,53,5
BRDA:1150,0,54,57
BRDA:1150,0,55,49
BRDA:1150,0,56,10
BRDA:1150,0,57,6
BRDA:1150,0,58,8
BRDA:1150,0,59,4
BRDA:1150,0,60,60
BRDA:1150,0,61,57
BRDA:1150,0,62,63
BRDA:1150,0,63,53
DA:1152,122
BRDA:1152,0,0,122
BRDA:1152,0,1,67
DA:1153,58
BRDA:1153,0,0,58
BRDA:1153,0,1,4
DA:1179,43
BRDA:1179,0,0,43
BRDA:1179,0,1,11
DA:1180,16
BRDA:1180,0,0,16
BRDA:1180,0,1,4
DA:1181,64
BRDA:1181,0,0,64
BRDA:1181,0,1,53
DA:1183,3
BRDA:1183,0,0,3
BRDA:1183,0,1,0
DA:1184,7
BRDA:1184,0,0,7
BRDA:1184,0,1,2
DA:1188,1
BRDA:1188,0,0,1
BRDA:1188,0,1,0
DA:1190,62
BRDA:1190,0,0,62
BRDA:1190,0,1,60
DA:1191,15
BRDA:1191,0,0,15
BRDA:1191,0,1,10
DA:1192,62
BRDA:1192,0,0,62
BRDA:1192,0,1,60
DA:1193,67
BRDA:1193,0,0,67
BRDA:1193,0,1,60
DA:1194,60
BRDA:1194,0,0,60
BRDA:1194,0,1,7
DA:1202,282
BRDA:1202,0,0,282
BRDA:1202,0,1,261
DA:1203,242
BRDA:1203,0,0,19
BRDA:1203,0,1,242
DA:1204,192
BRDA:1204,0,0,50
BRDA:1204,0,1,192
DA:1205,192
BRF:450
BRH:314
end_of_record
SF:/home/sfangyy/work/UCAgent/output/workspace_e203_ifu_litebpu/e203_ifu_litebpu_RTL/sirv_gnrl_dffs.v
DA:91,67
BRDA:91,0,0,67
BRDA:91,0,1,60
DA:92,60
BRDA:92,0,0,60
BRDA:92,0,1,7
DA:93,62
BRDA:93,0,0,62
BRDA:93,0,1,60
DA:95,122
BRDA:95,0,0,122
BRDA:95,0,1,67
DA:96,58
BRDA:96,0,0,58
BRDA:96,0,1,4
DA:99,62
BRDA:99,0,0,62
BRDA:99,0,1,60
DA:101,126
DA:102,126
DA:103,79
DA:104,79
DA:105,37
BRDA:105,0,0,10
BRDA:105,0,1,37
DA:106,10
BRF:14
BRH:12
end_of_record
SF:/home/sfangyy/work/UCAgent/output/workspace_e203_ifu_litebpu/e203_ifu_litebpu_RTL/sirv_gnrl_xchecker.v
DA:35,67
BRDA:35,0,0,67
BRDA:35,0,1,60
DA:36,122
BRDA:36,0,0,122
BRDA:36,0,1,67
BRF:4
BRH:4
end_of_record
