TN:verilator_coverage
SF:/nfs/home/songfangyuan/work/tutorial/tutorial-records/tutorials/code-samples/toffee/Cache/Cache.v
FNF:0
FNH:0
DA:2,6
DA:3,7
DA:4,2
DA:5,1
DA:6,0
DA:7,2
DA:8,1
DA:9,0
DA:10,2
DA:11,6
DA:12,2
DA:13,1
DA:14,0
DA:15,2
DA:16,1
DA:17,0
DA:18,6
DA:19,7
DA:20,1
DA:21,1
DA:22,2
DA:23,2
DA:24,1
DA:25,1
DA:26,1
DA:27,1
DA:28,1
DA:29,0
DA:30,1
DA:31,2
DA:32,1
DA:33,4
DA:34,7
DA:35,1
DA:36,2
DA:37,1
DA:38,1
DA:39,0
DA:56,506
DA:57,2
DA:58,2
DA:59,7
DA:60,1
DA:61,1
DA:62,1
DA:63,2
DA:64,1
DA:65,0
DA:66,6
DA:67,7
DA:68,1
DA:69,1
DA:70,1
DA:71,2
DA:72,1
DA:73,0
DA:74,0
DA:75,1
DA:76,1
DA:77,2
DA:78,1
DA:79,2
DA:80,1
DA:81,1
DA:82,2
DA:83,1
DA:84,1
DA:85,0
DA:86,5
DA:87,1
DA:88,2
DA:89,0
DA:90,1
DA:91,0
DA:92,38
DA:93,1
DA:94,2
DA:95,2
DA:96,1
DA:97,1
DA:98,1
DA:99,1
DA:100,1
DA:101,0
DA:102,1
DA:103,2
DA:104,1
DA:105,2
DA:106,1
DA:107,1
DA:108,0
DA:109,5
DA:110,1
DA:111,1
DA:112,2
DA:113,2
DA:114,5
DA:115,1
DA:116,1
DA:117,2
DA:129,1
DA:130,1
DA:131,2
DA:132,1
DA:133,1
DA:138,0
DA:139,0
DA:140,0
DA:144,2
DA:145,0
DA:146,0
DA:147,1
DA:148,1
DA:149,0
DA:150,2
DA:151,1
DA:152,1
DA:153,1
DA:154,1
DA:155,1
DA:156,3
DA:161,1
DA:162,73
DA:163,74
DA:166,38
DA:172,1
DA:173,2
DA:176,2
DA:178,1
DA:190,1
DA:191,1
DA:193,1
DA:194,0
DA:223,253
DA:224,101
DA:225,101
DA:226,0
DA:227,152
DA:228,0
DA:229,0
DA:231,253
DA:232,0
DA:234,253
DA:235,0
DA:237,253
DA:238,0
DA:240,101
DA:241,101
DA:242,152
DA:243,0
DA:244,152
DA:245,152
DA:247,101
DA:248,101
DA:249,0
DA:250,152
DA:251,0
DA:252,0
DA:254,253
DA:255,0
DA:257,253
DA:258,0
DA:264,0
DA:265,0
DA:276,253
DA:307,1
DA:345,3
DA:346,1
DA:347,0
DA:348,2
DA:349,2
DA:350,1
DA:351,1
DA:352,2
DA:353,2
DA:354,5
DA:355,1
DA:356,1
DA:357,2
DA:358,2
DA:360,2
DA:368,2
DA:369,0
DA:370,1
DA:371,2
DA:372,3
DA:373,1
DA:374,0
DA:375,2
DA:376,5
DA:377,1
DA:378,1
DA:379,2
DA:381,3
DA:388,506
DA:389,2
DA:390,6
DA:391,7
DA:392,0
DA:393,1
DA:394,1
DA:395,0
DA:396,0
DA:397,1
DA:398,1
DA:399,1
DA:400,1
DA:401,1
DA:402,1
DA:403,2
DA:404,0
DA:405,2
DA:406,0
DA:407,1
DA:408,1
DA:409,1
DA:410,1
DA:411,2
DA:412,1
DA:413,1
DA:414,1
DA:415,1
DA:416,2
DA:417,6
DA:418,0
DA:419,1
DA:420,1
DA:421,7
DA:422,1
DA:423,11
DA:424,1
DA:425,0
DA:426,1
DA:427,0
DA:428,0
DA:429,0
DA:430,5
DA:431,1
DA:432,1
DA:433,2
DA:434,5
DA:435,1
DA:436,1
DA:437,2
DA:438,2
DA:439,4
DA:440,3
DA:441,1
DA:442,0
DA:443,1
DA:444,1
DA:445,3
DA:446,1
DA:447,0
DA:448,1
DA:449,0
DA:450,0
DA:451,1
DA:452,1
DA:453,0
DA:454,0
DA:455,1
DA:456,1
DA:457,1
DA:458,1
DA:459,1
DA:460,0
DA:461,1
DA:462,1
DA:481,3
DA:482,1
DA:483,0
DA:484,2
DA:485,2
DA:486,1
DA:487,1
DA:488,2
DA:489,2
DA:490,5
DA:491,1
DA:492,1
DA:493,2
DA:494,2
DA:495,2
DA:496,0
DA:497,1
DA:498,2
DA:499,3
DA:500,1
DA:501,0
DA:502,2
DA:503,5
DA:504,1
DA:505,1
DA:506,2
DA:507,2
DA:508,1
DA:509,2
DA:510,4
DA:511,4
DA:513,2
DA:515,0
DA:516,2
DA:524,0
DA:526,0
DA:534,0
DA:545,1
DA:546,1
DA:553,2
DA:558,3
DA:559,0
DA:560,1
DA:562,3
DA:563,0
DA:564,0
DA:569,1
DA:570,0
DA:571,1
DA:572,1
DA:584,0
DA:585,1
DA:588,0
DA:590,2
DA:591,3
DA:595,3
DA:597,2
DA:601,0
DA:602,0
DA:604,0
DA:607,0
DA:609,2
DA:610,1
DA:612,0
DA:664,3
DA:665,2
DA:754,253
DA:755,101
DA:756,101
DA:757,142
DA:758,142
DA:759,0
DA:760,0
DA:761,10
DA:762,0
DA:763,10
DA:764,10
DA:766,101
DA:767,101
DA:768,142
DA:769,0
DA:770,0
DA:771,0
DA:773,142
DA:774,0
DA:775,142
DA:776,142
DA:778,0
DA:779,0
DA:780,0
DA:782,10
DA:783,0
DA:784,10
DA:785,10
DA:787,101
DA:788,101
DA:789,152
DA:790,0
DA:791,152
DA:792,152
DA:794,101
DA:795,101
DA:796,142
DA:797,0
DA:798,0
DA:799,0
DA:801,142
DA:802,0
DA:804,0
DA:805,0
DA:806,10
DA:809,101
DA:810,101
DA:811,10
DA:812,0
DA:813,10
DA:814,10
DA:818,101
DA:819,101
DA:820,152
DA:821,152
DA:822,0
DA:824,0
DA:825,0
DA:826,0
DA:827,0
DA:829,1
DA:830,1
DA:832,1
DA:833,1
DA:835,1
DA:836,1
DA:838,1
DA:839,1
DA:841,101
DA:842,101
DA:843,142
DA:844,142
DA:845,0
DA:846,0
DA:847,10
DA:850,101
DA:851,101
DA:852,10
DA:853,142
DA:854,10
DA:855,10
DA:857,1
DA:858,1
DA:859,0
DA:860,1
DA:861,1
DA:864,101
DA:865,101
DA:866,152
DA:867,0
DA:869,101
DA:870,101
DA:871,152
DA:872,0
DA:878,0
DA:879,0
DA:891,253
DA:902,0
DA:903,0
DA:915,253
DA:926,0
DA:927,0
DA:939,253
DA:950,0
DA:951,0
DA:963,253
DA:994,1
DA:1046,506
DA:1047,2
DA:1048,6
DA:1049,7
DA:1050,1
DA:1051,1
DA:1052,1
DA:1053,0
DA:1054,1
DA:1055,2
DA:1056,0
DA:1057,1
DA:1058,1
DA:1059,1
DA:1060,1
DA:1061,1
DA:1062,3
DA:1063,5
DA:1064,1
DA:1065,1
DA:1066,2
DA:1067,2
DA:1088,7
DA:1089,1
DA:1090,1
DA:1091,1
DA:1092,3
DA:1093,1
DA:1094,5
DA:1095,7
DA:1096,1
DA:1098,6
DA:1099,0
DA:1100,1
DA:1101,1
DA:1102,3
DA:1103,2
DA:1104,5
DA:1105,6
DA:1106,0
DA:1108,7
DA:1109,1
DA:1110,1
DA:1111,1
DA:1112,3
DA:1113,1
DA:1114,5
DA:1115,7
DA:1116,1
DA:1118,8
DA:1119,1
DA:1120,0
DA:1121,1
DA:1122,3
DA:1123,3
DA:1124,5
DA:1125,8
DA:1126,1
DA:1127,2
DA:1128,4
DA:1129,3
DA:1131,3
DA:1133,5
DA:1136,1
DA:1182,253
DA:1183,24
DA:1184,229
DA:1186,253
DA:1187,4
DA:1188,4
DA:1190,24
DA:1191,229
DA:1193,253
DA:1194,4
DA:1195,4
DA:1197,24
DA:1198,229
DA:1200,253
DA:1201,4
DA:1202,4
DA:1204,22
DA:1205,231
DA:1207,253
DA:1208,4
DA:1209,4
DA:1211,253
DA:1212,101
DA:1213,101
DA:1214,24
DA:1215,128
DA:1241,1
DA:1297,6
DA:1298,7
DA:1299,1
DA:1300,6
DA:1301,7
DA:1302,1
DA:1309,506
DA:1310,2
DA:1311,6
DA:1312,7
DA:1313,1
DA:1314,1
DA:1315,2
DA:1316,2
DA:1317,1
DA:1318,1
DA:1319,1
DA:1320,1
DA:1321,1
DA:1322,0
DA:1323,1
DA:1324,2
DA:1325,1
DA:1326,5
DA:1327,1
DA:1328,1
DA:1329,2
DA:1330,2
DA:1347,506
DA:1348,2
DA:1349,6
DA:1350,7
DA:1351,1
DA:1352,1
DA:1353,1
DA:1354,0
DA:1355,1
DA:1356,2
DA:1357,0
DA:1358,1
DA:1359,1
DA:1360,1
DA:1361,1
DA:1362,1
DA:1363,3
DA:1364,5
DA:1365,1
DA:1366,1
DA:1367,2
DA:1368,2
DA:1369,6
DA:1370,7
DA:1371,1
DA:1372,6
DA:1373,7
DA:1374,1
DA:1375,6
DA:1376,0
DA:1377,1
DA:1378,1
DA:1379,1
DA:1380,0
DA:1381,2
DA:1382,1
DA:1383,2
DA:1384,0
DA:1385,1
DA:1386,2
DA:1387,1
DA:1445,253
DA:1446,253
DA:1447,101
DA:1448,101
DA:1449,4
DA:1450,4
DA:1452,101
DA:1453,101
DA:1454,4
DA:1455,4
DA:1457,101
DA:1458,101
DA:1459,4
DA:1460,4
DA:1462,101
DA:1463,101
DA:1464,4
DA:1465,4
DA:1467,101
DA:1468,101
DA:1469,4
DA:1470,4
DA:1472,101
DA:1473,101
DA:1474,4
DA:1475,4
DA:1477,101
DA:1478,101
DA:1479,4
DA:1480,4
DA:1482,101
DA:1483,101
DA:1484,4
DA:1485,4
DA:1487,101
DA:1488,101
DA:1489,4
DA:1490,4
DA:1492,101
DA:1493,101
DA:1494,4
DA:1495,4
DA:1497,101
DA:1498,101
DA:1499,4
DA:1500,4
DA:1502,101
DA:1503,101
DA:1504,4
DA:1505,4
DA:1531,1
DA:1579,506
DA:1580,4
DA:1581,6
DA:1582,1
DA:1583,1
DA:1584,1
DA:1585,1
DA:1586,1
DA:1587,5
DA:1588,1
DA:1589,1
DA:1590,2
DA:1609,7
DA:1610,0
DA:1611,0
DA:1612,1
DA:1613,1
DA:1614,1
DA:1615,5
DA:1616,7
DA:1617,0
DA:1619,8
DA:1620,0
DA:1621,1
DA:1622,1
DA:1623,1
DA:1624,0
DA:1625,5
DA:1626,8
DA:1627,0
DA:1629,7
DA:1630,0
DA:1631,1
DA:1632,1
DA:1633,1
DA:1634,2
DA:1635,5
DA:1636,7
DA:1637,0
DA:1639,6
DA:1640,0
DA:1641,1
DA:1642,1
DA:1643,1
DA:1644,2
DA:1645,5
DA:1646,6
DA:1647,0
DA:1682,253
DA:1683,253
DA:1684,0
DA:1686,253
DA:1687,4
DA:1688,4
DA:1690,253
DA:1691,0
DA:1693,253
DA:1694,4
DA:1695,4
DA:1697,253
DA:1698,0
DA:1700,253
DA:1701,4
DA:1702,4
DA:1704,9
DA:1705,9
DA:1707,253
DA:1708,4
DA:1709,4
DA:1735,1
DA:1787,4
DA:1788,7
DA:1789,1
DA:1790,11
DA:1791,1
DA:1792,0
DA:1793,4
DA:1794,6
DA:1795,1
DA:1797,6
DA:1804,506
DA:1805,2
DA:1806,4
DA:1807,7
DA:1808,1
DA:1809,2
DA:1810,1
DA:1811,1
DA:1812,0
DA:1813,11
DA:1814,1
DA:1815,0
DA:1816,1
DA:1817,0
DA:1818,0
DA:1819,0
DA:1820,5
DA:1821,1
DA:1822,1
DA:1823,2
DA:1837,506
DA:1838,4
DA:1839,6
DA:1840,1
DA:1841,1
DA:1842,1
DA:1843,1
DA:1844,1
DA:1845,5
DA:1846,1
DA:1847,1
DA:1848,2
DA:1849,4
DA:1850,7
DA:1851,1
DA:1852,11
DA:1853,1
DA:1854,0
DA:1855,4
DA:1856,6
DA:1857,1
DA:1858,7
DA:1859,1
DA:1860,1
DA:1861,1
DA:1862,1
DA:1863,1
DA:1864,0
DA:1865,1
DA:1866,1
DA:1867,1
DA:1915,253
DA:1916,253
DA:1917,101
DA:1918,101
DA:1919,4
DA:1920,4
DA:1922,101
DA:1923,101
DA:1924,4
DA:1925,4
DA:1927,101
DA:1928,101
DA:1929,4
DA:1930,4
DA:1932,101
DA:1933,101
DA:1934,4
DA:1935,4
DA:1937,253
DA:1938,101
DA:1939,101
DA:1940,152
DA:1941,0
DA:1943,101
DA:1944,101
DA:1945,152
DA:1946,0
DA:1948,101
DA:1949,101
DA:1950,152
DA:1951,0
DA:1953,101
DA:1954,101
DA:1955,152
DA:1956,0
DA:1982,1
DA:2024,6
DA:2025,1
DA:2026,0
DA:2027,1
DA:2028,1
DA:2029,2
DA:2030,1
DA:2031,6
DA:2032,6
DA:2033,1
DA:2034,2
DA:2035,1
DA:2036,1
DA:2037,1
DA:2038,0
DA:2039,6
DA:2040,7
DA:2041,2
DA:2042,1
DA:2043,0
DA:2044,2
DA:2045,1
DA:2046,0
DA:2048,0
DA:2060,506
DA:2061,2
DA:2062,6
DA:2063,6
DA:2064,1
DA:2065,2
DA:2066,1
DA:2067,1
DA:2068,1
DA:2069,0
DA:2070,2
DA:2071,7
DA:2072,0
DA:2073,1
DA:2074,1
DA:2075,1
DA:2076,4
DA:2077,3
DA:2078,1
DA:2079,1
DA:2080,0
DA:2081,1
DA:2082,1
DA:2083,1
DA:2084,3
DA:2085,1
DA:2086,0
DA:2087,6
DA:2088,1
DA:2089,0
DA:2090,1
DA:2091,1
DA:2092,2
DA:2093,1
DA:2094,1
DA:2095,1
DA:2096,0
DA:2097,1
DA:2098,1
DA:2099,0
DA:2100,0
DA:2101,1
DA:2102,1
DA:2103,0
DA:2104,0
DA:2105,1
DA:2106,1
DA:2107,1
DA:2108,1
DA:2109,7
DA:2110,7
DA:2111,38
DA:2147,6
DA:2148,7
DA:2149,2
DA:2150,1
DA:2151,0
DA:2152,2
DA:2153,1
DA:2154,0
DA:2155,2
DA:2156,6
DA:2157,2
DA:2158,1
DA:2159,0
DA:2160,2
DA:2161,1
DA:2162,0
DA:2163,6
DA:2164,7
DA:2165,1
DA:2166,1
DA:2167,2
DA:2168,2
DA:2169,1
DA:2170,1
DA:2171,1
DA:2172,1
DA:2173,1
DA:2174,0
DA:2175,1
DA:2176,2
DA:2177,1
DA:2178,4
DA:2179,7
DA:2180,1
DA:2181,2
DA:2182,1
DA:2183,1
DA:2184,0
DA:2185,506
DA:2186,2
DA:2187,2
DA:2188,7
DA:2189,1
DA:2190,1
DA:2191,1
DA:2192,2
DA:2193,1
DA:2194,0
DA:2195,6
DA:2196,7
DA:2197,1
DA:2198,1
DA:2199,1
DA:2200,2
DA:2201,1
DA:2202,0
DA:2203,0
DA:2204,1
DA:2205,1
DA:2206,2
DA:2207,1
DA:2208,2
DA:2209,1
DA:2210,1
DA:2211,2
DA:2212,1
DA:2213,1
DA:2214,0
DA:2215,5
DA:2216,1
DA:2217,2
DA:2218,0
DA:2219,1
DA:2220,0
DA:2221,1
DA:2222,2
DA:2223,2
DA:2224,1
DA:2225,1
DA:2226,1
DA:2227,1
DA:2228,1
DA:2229,0
DA:2230,1
DA:2231,2
DA:2232,1
DA:2233,2
DA:2234,1
DA:2235,1
DA:2236,0
DA:2237,5
DA:2238,1
DA:2239,1
DA:2240,2
DA:2241,2
DA:2242,5
DA:2243,1
DA:2244,1
DA:2245,2
DA:2246,506
DA:2247,2
DA:2248,6
DA:2249,7
DA:2250,0
DA:2251,1
DA:2252,1
DA:2253,0
DA:2254,0
DA:2255,1
DA:2256,1
DA:2257,1
DA:2258,1
DA:2259,1
DA:2260,1
DA:2261,2
DA:2262,0
DA:2263,2
DA:2264,0
DA:2265,1
DA:2266,1
DA:2267,1
DA:2268,1
DA:2269,2
DA:2270,1
DA:2271,1
DA:2272,1
DA:2273,1
DA:2274,2
DA:2275,6
DA:2276,0
DA:2277,1
DA:2278,1
DA:2279,7
DA:2280,1
DA:2281,11
DA:2282,1
DA:2283,0
DA:2284,1
DA:2285,0
DA:2286,0
DA:2287,0
DA:2288,5
DA:2289,1
DA:2290,1
DA:2291,2
DA:2292,5
DA:2293,1
DA:2294,1
DA:2295,2
DA:2296,2
DA:2297,4
DA:2298,3
DA:2299,1
DA:2300,0
DA:2301,1
DA:2302,1
DA:2303,3
DA:2304,1
DA:2305,0
DA:2306,1
DA:2307,0
DA:2308,0
DA:2309,1
DA:2310,1
DA:2311,0
DA:2312,0
DA:2313,1
DA:2314,1
DA:2315,1
DA:2316,1
DA:2317,1
DA:2318,0
DA:2319,1
DA:2320,1
DA:2321,506
DA:2322,2
DA:2323,6
DA:2324,7
DA:2325,1
DA:2326,1
DA:2327,2
DA:2328,2
DA:2329,1
DA:2330,1
DA:2331,1
DA:2332,1
DA:2333,1
DA:2334,0
DA:2335,1
DA:2336,2
DA:2337,1
DA:2338,5
DA:2339,1
DA:2340,1
DA:2341,2
DA:2342,2
DA:2343,506
DA:2344,2
DA:2345,4
DA:2346,7
DA:2347,1
DA:2348,2
DA:2349,1
DA:2350,1
DA:2351,0
DA:2352,11
DA:2353,1
DA:2354,0
DA:2355,1
DA:2356,0
DA:2357,0
DA:2358,0
DA:2359,5
DA:2360,1
DA:2361,1
DA:2362,2
DA:2363,6
DA:2364,1
DA:2365,0
DA:2366,1
DA:2367,1
DA:2368,2
DA:2369,1
DA:2370,6
DA:2371,6
DA:2372,1
DA:2373,2
DA:2374,1
DA:2375,1
DA:2376,1
DA:2377,0
DA:2378,6
DA:2379,7
DA:2380,2
DA:2381,1
DA:2382,0
DA:2383,2
DA:2384,1
DA:2385,0
DA:2387,7
DA:2391,1
DA:2392,1
DA:2393,1
DA:2394,2
DA:2395,1
DA:2396,0
DA:2397,7
DA:2401,0
DA:2402,1
DA:2403,1
DA:2404,0
DA:2405,0
DA:2406,1
DA:2407,1
DA:2408,1
DA:2409,1
DA:2410,1
DA:2411,1
DA:2412,2
DA:2413,0
DA:2414,2
DA:2415,0
DA:2416,1
DA:2417,1
DA:2418,1
DA:2419,1
DA:2420,2
DA:2421,1
DA:2422,1
DA:2423,1
DA:2424,1
DA:2839,253
DA:2840,101
DA:2841,101
DA:2842,152
DA:2843,0
DA:2844,152
DA:2845,152
DA:2847,4
DA:2848,4
DA:2850,4
DA:2851,4
DA:2853,4
DA:2854,4
DA:2856,4
DA:2857,4
DA:2859,4
DA:2860,4
DA:2862,4
DA:2863,4
DA:2865,101
DA:2866,101
DA:2867,152
DA:2868,0
DA:2869,152
DA:2870,152
DA:2872,4
DA:2873,4
DA:2875,4
DA:2876,4
DA:2878,4
DA:2879,4
DA:2881,4
DA:2882,4
DA:2884,4
DA:2885,4
DA:2887,4
DA:2888,4
DA:2890,4
DA:2891,4
DA:2893,4
DA:2894,4
DA:2896,4
DA:2897,4
DA:2899,4
DA:2900,4
DA:2902,4
DA:2903,4
DA:2905,4
DA:2906,4
DA:2908,4
DA:2909,4
DA:2911,4
DA:2912,4
DA:2914,4
DA:2915,4
DA:2917,4
DA:2918,4
DA:2920,4
DA:2921,4
DA:2923,4
DA:2924,4
DA:2926,4
DA:2927,4
DA:2929,4
DA:2930,4
DA:2932,4
DA:2933,4
DA:2935,4
DA:2936,4
DA:2938,4
DA:2939,4
DA:2941,4
DA:2942,4
DA:2968,1
LF:1241
LH:1031
end_of_record
TN:verilator_coverage
SF:/nfs/home/songfangyuan/work/tutorial/tutorial-records/tutorials/code-samples/toffee/Cache/Cache_top.sv
FNF:0
FNH:0
DA:3,506
DA:4,2
DA:5,6
DA:6,6
DA:7,1
DA:8,2
DA:9,1
DA:10,1
DA:11,1
DA:12,0
DA:13,2
DA:14,7
DA:15,0
DA:16,1
DA:17,1
DA:18,1
DA:19,4
DA:20,3
DA:21,1
DA:22,1
DA:23,0
DA:24,1
DA:25,1
DA:26,1
DA:27,3
DA:28,1
DA:29,0
DA:30,6
DA:31,1
DA:32,0
DA:33,1
DA:34,1
DA:35,2
DA:36,1
DA:37,1
DA:38,1
DA:39,0
DA:40,1
DA:41,1
DA:42,0
DA:43,0
DA:44,1
DA:45,1
DA:46,0
DA:47,0
DA:48,1
DA:49,1
DA:50,1
DA:51,1
DA:52,7
DA:53,7
DA:54,38
DA:193,0
DA:195,0
DA:198,506
DA:200,506
DA:203,0
DA:205,0
DA:208,2
DA:210,2
DA:213,879
DA:215,879
DA:218,0
DA:220,0
DA:223,7
DA:225,7
DA:228,0
DA:230,0
DA:233,3
DA:235,3
DA:238,0
DA:240,0
DA:243,4
DA:245,4
DA:248,0
DA:250,0
DA:253,3
DA:255,3
DA:258,0
DA:260,0
DA:263,1
DA:265,1
DA:268,0
DA:270,0
DA:273,1
DA:275,1
DA:278,0
DA:280,0
DA:283,1
DA:285,1
DA:288,0
DA:290,0
DA:293,2
DA:295,2
DA:298,157
DA:300,157
DA:303,5
DA:305,5
DA:308,5
DA:310,5
DA:313,5
DA:315,5
DA:318,0
DA:320,0
DA:323,1
DA:325,1
DA:328,0
DA:330,0
DA:333,4
DA:335,4
DA:338,1371
DA:340,1371
DA:343,2
DA:345,2
DA:348,2
DA:350,2
DA:353,255
DA:355,255
DA:358,2
DA:360,2
DA:363,2
DA:365,2
DA:368,2
DA:370,2
DA:373,0
DA:375,0
DA:378,3
DA:380,3
DA:383,0
DA:385,0
DA:388,2
DA:390,2
DA:393,0
DA:395,0
DA:398,1
DA:400,1
DA:403,1
DA:405,1
DA:408,0
DA:410,0
DA:413,1
DA:415,1
DA:418,0
DA:420,0
DA:423,1
DA:425,1
DA:428,0
DA:430,0
DA:433,1
DA:435,1
DA:438,0
DA:440,0
DA:443,1
DA:445,1
DA:448,0
DA:450,0
DA:453,1
DA:455,1
DA:458,0
DA:460,0
DA:463,1
DA:465,1
DA:468,0
DA:470,0
DA:473,1
DA:475,1
DA:478,1
DA:480,1
DA:483,1
DA:485,1
DA:488,1
DA:490,1
DA:493,0
DA:495,0
DA:498,2
DA:500,2
DA:503,912
DA:505,912
DA:508,254
DA:510,254
DA:513,1
DA:515,1
DA:518,1
DA:520,1
DA:523,1
DA:525,1
DA:528,1
DA:530,1
DA:533,1
DA:535,1
DA:538,0
DA:540,0
DA:543,1
DA:545,1
DA:548,0
DA:550,0
DA:553,1
DA:555,1
DA:558,0
DA:560,0
DA:563,1
DA:565,1
DA:568,1
DA:570,1
DA:573,1
DA:575,1
DA:578,1
DA:580,1
DA:585,1
DA:586,1
DA:587,1
DA:591,0
DA:592,0
LF:213
LH:149
end_of_record
